SF:lib/providers/shop_provider.dart
DA:27,3
DA:31,3
DA:33,1
DA:35,1
DA:36,1
DA:37,2
DA:38,2
DA:39,1
DA:41,0
DA:45,1
DA:47,1
DA:48,2
DA:50,0
DA:54,1
DA:55,2
DA:58,1
DA:59,1
DA:62,1
DA:63,2
DA:64,2
DA:65,1
DA:66,1
LF:22
LH:20
end_of_record
SF:lib/models/product.dart
DA:7,2
LF:1
LH:1
end_of_record
SF:lib/providers/theme_provider.dart
DA:7,2
DA:9,1
DA:10,1
DA:13,1
DA:15,1
DA:16,1
DA:17,1
DA:18,1
DA:20,0
DA:24,1
DA:25,1
DA:26,1
DA:29,1
DA:30,1
DA:32,0
DA:36,1
DA:37,1
DA:38,1
DA:41,1
DA:42,2
DA:44,0
LF:21
LH:18
end_of_record
SF:lib/providers/coin_provider.dart
DA:8,2
DA:9,4
DA:11,1
DA:13,1
DA:14,2
DA:15,1
DA:17,0
DA:21,1
DA:23,1
DA:24,2
DA:26,0
DA:30,1
DA:31,2
DA:32,1
DA:33,1
DA:36,1
DA:37,1
DA:38,1
DA:39,1
DA:42,1
DA:43,2
DA:44,2
DA:45,1
DA:46,1
DA:53,1
DA:54,2
LF:26
LH:24
end_of_record
SF:lib/models/word_data.dart
DA:9,1
LF:1
LH:1
end_of_record
SF:lib/services/achievement_service.dart
DA:14,1
DA:15,1
DA:19,1
DA:21,1
DA:22,1
DA:26,2
DA:27,1
DA:31,1
DA:37,1
DA:38,1
DA:42,1
DA:43,6
DA:46,1
DA:47,5
DA:48,1
DA:49,1
DA:50,1
DA:51,4
DA:52,1
DA:54,1
DA:61,0
DA:62,0
DA:66,1
DA:67,1
DA:68,2
DA:71,1
DA:72,1
DA:73,2
DA:74,4
DA:76,1
LF:30
LH:28
end_of_record
SF:lib/firebase_options.dart
DA:18,0
DA:22,0
DA:23,0
DA:25,0
DA:27,0
DA:29,0
DA:31,0
DA:32,0
DA:37,0
LF:9
LH:0
end_of_record
SF:lib/main.dart
DA:15,0
DA:16,0
DA:20,0
DA:21,0
DA:24,0
DA:27,0
DA:28,0
DA:31,0
DA:32,0
DA:33,0
DA:34,0
DA:37,0
DA:38,0
DA:39,0
DA:41,0
DA:42,0
DA:43,0
DA:44,0
DA:45,0
DA:46,0
DA:47,0
DA:49,0
DA:56,0
DA:58,0
DA:60,0
DA:61,0
DA:63,0
DA:64,0
DA:66,0
DA:68,0
DA:69,0
DA:71,0
LF:32
LH:0
end_of_record
SF:lib/screens/map_screen.dart
DA:12,2
DA:14,0
DA:15,0
DA:28,0
DA:30,0
DA:31,0
DA:34,0
DA:36,0
DA:37,0
DA:40,0
DA:41,0
DA:42,0
DA:45,0
DA:47,0
DA:48,0
DA:49,0
DA:55,0
DA:56,0
DA:57,0
DA:60,0
DA:61,0
DA:63,0
DA:64,0
DA:65,0
DA:66,0
DA:67,0
DA:73,0
DA:74,0
DA:76,0
DA:77,0
DA:81,0
DA:82,0
DA:84,0
DA:85,0
DA:86,0
DA:87,0
DA:88,0
DA:89,0
DA:94,0
DA:95,0
DA:96,0
DA:97,0
DA:98,0
DA:99,0
DA:101,0
DA:102,0
DA:105,0
DA:109,0
DA:111,0
DA:112,0
DA:114,0
DA:118,0
DA:119,0
DA:121,0
DA:122,0
DA:123,0
DA:125,0
DA:129,0
DA:132,0
DA:133,0
DA:135,0
DA:143,0
DA:144,0
DA:145,0
DA:151,0
DA:157,0
DA:158,0
DA:159,0
DA:160,0
DA:161,0
DA:162,0
DA:163,0
DA:164,0
DA:165,0
DA:166,0
DA:167,0
DA:182,0
DA:184,0
DA:186,0
DA:187,0
DA:188,0
DA:190,0
DA:191,0
DA:193,0
DA:194,0
DA:196,0
DA:197,0
DA:198,0
LF:88
LH:1
end_of_record
SF:lib/screens/onboarding_screen.dart
DA:8,2
DA:10,0
DA:11,0
DA:12,0
DA:13,0
DA:14,0
DA:15,0
DA:20,0
DA:22,0
DA:23,0
DA:24,0
DA:26,0
DA:31,0
DA:32,0
LF:14
LH:1
end_of_record
SF:lib/models/achievement.dart
DA:11,1
LF:1
LH:1
end_of_record
SF:lib/models/level_data.dart
DA:10,0
LF:1
LH:0
end_of_record
SF:lib/models/quiz_item.dart
DA:7,0
DA:13,0
DA:14,0
DA:15,0
LF:4
LH:0
end_of_record
SF:lib/screens/home_page.dart
DA:29,0
DA:33,0
DA:34,0
DA:58,0
DA:60,0
DA:61,0
DA:62,0
DA:63,0
DA:64,0
DA:67,0
DA:69,0
DA:70,0
DA:71,0
DA:72,0
DA:73,0
DA:74,0
DA:76,0
DA:82,0
DA:83,0
DA:84,0
DA:85,0
DA:89,0
DA:90,0
DA:92,0
DA:93,0
DA:94,0
DA:95,0
DA:96,0
DA:103,0
DA:106,0
DA:108,0
DA:109,0
DA:110,0
DA:111,0
DA:112,0
DA:113,0
DA:117,0
DA:118,0
DA:119,0
DA:120,0
DA:121,0
DA:122,0
DA:124,0
DA:126,0
DA:127,0
DA:131,0
DA:132,0
DA:135,0
DA:136,0
DA:137,0
DA:138,0
DA:139,0
DA:140,0
DA:141,0
DA:145,0
DA:146,0
DA:147,0
DA:150,0
DA:151,0
DA:153,0
DA:154,0
DA:155,0
DA:156,0
DA:161,0
DA:162,0
DA:163,0
DA:164,0
DA:170,0
DA:171,0
DA:173,0
DA:175,0
DA:181,0
DA:182,0
DA:184,0
DA:186,0
DA:188,0
DA:190,0
DA:191,0
DA:192,0
DA:193,0
DA:195,0
DA:196,0
DA:197,0
DA:198,0
DA:199,0
DA:201,0
DA:202,0
DA:203,0
DA:208,0
DA:209,0
DA:210,0
DA:214,0
DA:216,0
DA:217,0
DA:218,0
DA:223,0
DA:225,0
DA:226,0
DA:227,0
DA:233,0
DA:234,0
DA:235,0
DA:238,0
DA:240,0
DA:247,0
DA:248,0
DA:253,0
DA:256,0
DA:257,0
DA:258,0
DA:259,0
DA:264,0
DA:265,0
DA:267,0
DA:270,0
DA:271,0
DA:272,0
DA:274,0
DA:277,0
DA:278,0
DA:279,0
DA:280,0
DA:281,0
DA:283,0
DA:286,0
DA:287,0
DA:288,0
DA:289,0
DA:291,0
DA:296,0
DA:297,0
DA:298,0
DA:299,0
DA:301,0
DA:303,0
DA:305,0
DA:312,0
DA:314,0
DA:315,0
DA:317,0
DA:324,0
DA:325,0
DA:326,0
DA:328,0
DA:329,0
DA:332,0
DA:334,0
DA:338,0
DA:339,0
DA:341,0
DA:342,0
DA:346,0
DA:349,0
DA:351,0
DA:353,0
DA:354,0
DA:357,0
DA:358,0
DA:360,0
DA:361,0
DA:364,0
DA:365,0
DA:368,0
DA:369,0
DA:370,0
DA:371,0
DA:376,0
DA:377,0
DA:378,0
DA:379,0
DA:383,0
DA:384,0
DA:385,0
DA:386,0
DA:387,0
DA:388,0
DA:389,0
DA:391,0
DA:392,0
DA:393,0
DA:394,0
DA:396,0
DA:408,0
DA:409,0
DA:410,0
DA:411,0
DA:412,0
DA:418,0
DA:420,0
DA:421,0
DA:422,0
DA:425,0
DA:426,0
DA:427,0
DA:428,0
DA:430,0
DA:431,0
DA:437,0
DA:438,0
DA:439,0
DA:440,0
DA:441,0
DA:447,0
DA:448,0
DA:449,0
DA:450,0
DA:452,0
DA:456,0
DA:457,0
DA:458,0
DA:459,0
DA:460,0
DA:465,0
DA:466,0
DA:467,0
DA:468,0
DA:469,0
DA:474,0
DA:476,0
DA:477,0
DA:478,0
DA:479,0
DA:480,0
DA:486,0
DA:487,0
DA:493,0
DA:494,0
DA:496,0
DA:497,0
DA:498,0
DA:499,0
DA:500,0
DA:501,0
DA:505,0
DA:506,0
DA:509,0
DA:510,0
DA:512,0
DA:516,0
DA:519,0
DA:521,0
DA:524,0
DA:525,0
DA:527,0
DA:533,0
DA:534,0
DA:538,0
DA:539,0
DA:541,0
DA:543,0
DA:544,0
DA:545,0
DA:546,0
DA:547,0
DA:550,0
DA:551,0
DA:553,0
DA:557,0
DA:558,0
DA:560,0
DA:562,0
DA:563,0
DA:566,0
DA:569,0
DA:570,0
DA:571,0
DA:575,0
DA:577,0
DA:578,0
DA:579,0
DA:585,0
DA:586,0
DA:588,0
DA:589,0
DA:591,0
DA:598,0
DA:600,0
DA:602,0
DA:603,0
DA:607,0
DA:608,0
DA:614,0
DA:616,0
DA:617,0
DA:619,0
DA:621,0
DA:623,0
DA:630,0
DA:631,0
DA:635,0
DA:636,0
DA:647,0
DA:648,0
DA:659,0
DA:669,0
DA:671,0
DA:673,0
DA:674,0
DA:675,0
DA:677,0
LF:300
LH:0
end_of_record
SF:lib/screens/image_quiz_game.dart
DA:6,0
DA:7,0
DA:10,0
DA:12,0
DA:15,0
DA:17,0
DA:20,0
DA:25,0
DA:27,0
DA:28,0
DA:36,0
DA:37,0
DA:38,0
DA:39,0
DA:43,0
DA:44,0
DA:45,0
DA:46,0
DA:47,0
DA:52,0
DA:54,0
DA:55,0
DA:57,0
DA:58,0
DA:59,0
DA:61,0
DA:64,0
DA:66,0
DA:67,0
DA:69,0
DA:70,0
DA:71,0
DA:75,0
DA:76,0
DA:82,0
DA:83,0
DA:84,0
DA:85,0
DA:86,0
DA:87,0
DA:89,0
DA:90,0
DA:91,0
DA:92,0
DA:97,0
DA:98,0
DA:100,0
DA:101,0
DA:102,0
DA:104,0
DA:107,0
LF:51
LH:0
end_of_record
SF:lib/screens/shop_screen.dart
DA:7,2
DA:9,0
DA:11,0
DA:12,0
DA:14,0
DA:15,0
DA:17,0
DA:18,0
DA:20,0
DA:24,0
DA:25,0
DA:26,0
DA:27,0
DA:28,0
DA:29,0
DA:31,0
DA:33,0
DA:34,0
DA:35,0
DA:36,0
DA:39,0
DA:41,0
DA:43,0
DA:47,0
DA:48,0
DA:49,0
DA:50,0
DA:51,0
DA:57,0
DA:58,0
LF:30
LH:1
end_of_record
SF:lib/widgets/action_button.dart
DA:11,0
DA:19,0
DA:21,0
DA:22,0
DA:23,0
DA:24,0
DA:25,0
DA:26,0
DA:27,0
DA:28,0
DA:29,0
DA:33,0
LF:12
LH:0
end_of_record
SF:lib/widgets/achievement_notification.dart
DA:10,0
DA:16,0
DA:17,0
DA:27,0
DA:29,0
DA:30,0
DA:32,0
DA:37,0
DA:40,0
DA:41,0
DA:45,0
DA:48,0
DA:49,0
DA:53,0
DA:54,0
DA:57,0
DA:58,0
DA:59,0
DA:60,0
DA:61,0
DA:68,0
DA:70,0
DA:71,0
DA:72,0
DA:75,0
DA:77,0
DA:78,0
DA:79,0
DA:80,0
DA:81,0
DA:84,0
DA:85,0
DA:86,0
DA:87,0
DA:88,0
DA:89,0
DA:95,0
DA:96,0
DA:97,0
DA:98,0
DA:103,0
DA:104,0
DA:107,0
DA:108,0
DA:117,0
DA:118,0
DA:126,0
DA:127,0
DA:136,0
DA:138,0
DA:139,0
DA:140,0
LF:52
LH:0
end_of_record
SF:lib/widgets/score_display.dart
DA:7,1
DA:9,1
DA:11,1
DA:13,1
DA:15,1
DA:16,1
DA:17,1
DA:18,1
DA:20,3
LF:9
LH:9
end_of_record
SF:lib/widgets/word_display_card.dart
DA:10,0
DA:16,0
DA:18,0
DA:19,0
DA:21,0
DA:23,0
DA:25,0
DA:27,0
DA:28,0
DA:29,0
DA:31,0
DA:32,0
DA:33,0
DA:34,0
DA:36,0
DA:38,0
DA:40,0
DA:45,0
DA:47,0
DA:49,0
DA:57,0
DA:58,0
DA:73,0
DA:74,0
DA:75,0
DA:78,0
DA:82,0
DA:83,0
DA:84,0
DA:86,0
DA:88,0
DA:90,0
DA:92,0
DA:93,0
DA:98,0
DA:101,0
DA:111,0
DA:118,0
DA:121,0
DA:126,0
DA:131,0
DA:134,0
LF:42
LH:0
end_of_record
SF:lib/widgets/words_progress_bar.dart
DA:8,0
DA:14,0
DA:17,0
DA:19,0
DA:21,0
DA:22,0
DA:23,0
DA:24,0
DA:28,0
DA:31,0
DA:33,0
LF:11
LH:0
end_of_record
SF:lib/widgets/answer_button.dart
DA:10,0
DA:19,0
DA:21,0
DA:22,0
DA:23,0
DA:24,0
DA:25,0
DA:26,0
DA:28,0
DA:32,0
DA:34,0
DA:35,0
DA:38,0
DA:41,0
DA:42,0
DA:43,0
LF:16
LH:0
end_of_record
